Invalid character (\) encountered while parsing (tag "INPUT" with attributes). 
Invalid character (\) encountered while parsing (tag "INPUT" with attributes). 
Invalid character (\) encountered while parsing (tag "INPUT" with attributes). 
Invalid character ($) encountered while parsing (tag "?" with attributes). 
Invalid character ($) encountered while parsing (tag "?" with attributes). 
Invalid character ($) encountered while parsing (tag "?" with attributes). 
Invalid character ($) encountered while parsing (tag "?" with attributes). 
Invalid character ($) encountered while parsing (tag "?" with attributes). 
Invalid character ($) encountered while parsing (tag "?" with attributes). 
Invalid character ($) encountered while parsing (tag "?" with attributes). 
Invalid character ($) encountered while parsing (tag "?" with attributes). 
Invalid character ($) encountered while parsing (tag "?" with attributes). 
Invalid character ($) encountered while parsing (tag "?" with attributes). 
Invalid character ($) encountered while parsing (tag "?" with attributes). 
Invalid character ($) encountered while parsing (tag "?" with attributes). 
Invalid character (*) encountered while parsing (tag "DOCUMENT.ALL.LENGTH;WI++){IF(DOCUMENT.ALL[WI].ID=='ATLPDPST')DOCUMENT.ALL[WI].STYLE.VISIBILITY=''}}WINDOW.ONBEFOREPRINT=ATLPDP1;WINDOW.ONAFTERPRINT=ATLPDP2;" with attributes). 
Invalid character (\) encountered while parsing (tag "INPUT" with attributes). 
Invalid character (*) encountered while parsing (tag "DOCUMENT.ALL.LENGTH;WI++){IF(DOCUMENT.ALL[WI].ID=='ATLPDPST')DOCUMENT.ALL[WI].STYLE.VISIBILITY=''}}WINDOW.ONBEFOREPRINT=ATLPDP1;WINDOW.ONAFTERPRINT=ATLPDP2;" with attributes). 
Invalid character (*) encountered while parsing (tag "DOCUMENT.ALL.LENGTH;WI++){IF(DOCUMENT.ALL[WI].ID=='ATLPDPST')DOCUMENT.ALL[WI].STYLE.VISIBILITY=''}}WINDOW.ONBEFOREPRINT=ATLPDP1;WINDOW.ONAFTERPRINT=ATLPDP2;" with attributes). 
Invalid character (*) encountered while parsing (tag "DOCUMENT.ALL.LENGTH;WI++){IF(DOCUMENT.ALL[WI].ID=='ATLPDPST')DOCUMENT.ALL[WI].STYLE.VISIBILITY=''}}WINDOW.ONBEFOREPRINT=ATLPDP1;WINDOW.ONAFTERPRINT=ATLPDP2;" with attributes). 
Invalid character (\) encountered while parsing (tag "INPUT" with attributes). 
Invalid character (\) encountered while parsing (tag "TR" with attributes bgcolor=ffffff). 
Invalid character (\) encountered while parsing (tag "TR" with attributes bgcolor=ffffff). 
Invalid quoted string '))EditCatalog()' encountered while parsing (tag "IMG" with attributes src=img/37.gif alt=Редактировать каталог width=18 height=18 border=0 onmouseover=ButOn(37) onmouseout=ButOff(37) onclick=if(window.frame2.document.getElementById(). 
Invalid character (*) encountered while parsing (tag "DOCUMENT.ALL.LENGTH;WI++){IF(DOCUMENT.ALL[WI].ID=='ATLPDPST')DOCUMENT.ALL[WI].STYLE.VISIBILITY=''}}WINDOW.ONBEFOREPRINT=ATLPDP1;WINDOW.ONAFTERPRINT=ATLPDP2;" with attributes). 
Invalid character (*) encountered while parsing (tag "DOCUMENT.ALL.LENGTH;WI++){IF(DOCUMENT.ALL[WI].ID=='ATLPDPST')DOCUMENT.ALL[WI].STYLE.VISIBILITY=''}}WINDOW.ONBEFOREPRINT=ATLPDP1;WINDOW.ONAFTERPRINT=ATLPDP2;" with attributes). 
Invalid character (*) encountered while parsing (tag "DOCUMENT.ALL.LENGTH;WI++){IF(DOCUMENT.ALL[WI].ID=='ATLPDPST')DOCUMENT.ALL[WI].STYLE.VISIBILITY=''}}WINDOW.ONBEFOREPRINT=ATLPDP1;WINDOW.ONAFTERPRINT=ATLPDP2;" with attributes). 
Invalid character (*) encountered while parsing (tag "DOCUMENT.ALL.LENGTH;WI++){IF(DOCUMENT.ALL[WI].ID=='ATLPDPST')DOCUMENT.ALL[WI].STYLE.VISIBILITY=''}}WINDOW.ONBEFOREPRINT=ATLPDP1;WINDOW.ONAFTERPRINT=ATLPDP2;" with attributes). 
Invalid character (\) encountered while parsing (tag "TR" with attributes bgcolor=ffffff). 
Invalid character (\) encountered while parsing (tag "TR" with attributes). 
