
  WebMoney Payment Start ------------------
  date=July 31, 2007, 7:32 pm
  LMI_HASH=7AD323795657FED4BD206D970A073282LMI_PAYMENT_AMOUNT=1902.78LMI_PAYMENT_NO=114test=Подача запросаLMI_PAYEE_PURSE=R397656178472LMI_MODE=1LMI_PAYER_WM=809399319852LMI_SYS_INVS_NO=281LMI_SYS_TRANS_NO=558LMI_SYS_TRANS_DATE=20020314 14:01:14
  MY_LMI_HASH=7AD323795657FED4BD206D970A073282
  REQUEST_URI=/payment/webmoney/result.php
  IP=127.0.0.1
  WebMoney Payment End --------------------
  
  WebMoney Payment Start ------------------
  date=July 31, 2007, 7:32 pm
  LMI_HASH=7AD323795657FED4BD206D970A073282LMI_PAYMENT_AMOUNT=1902.78LMI_PAYMENT_NO=114test=Подача запросаLMI_PAYEE_PURSE=R397656178472LMI_MODE=1LMI_PAYER_WM=809399319852LMI_SYS_INVS_NO=281LMI_SYS_TRANS_NO=558LMI_SYS_TRANS_DATE=20020314 14:01:14
  MY_LMI_HASH=7AD323795657FED4BD206D970A073282
  REQUEST_URI=/payment/webmoney/result.php
  IP=127.0.0.1
  WebMoney Payment End --------------------
  
  WebMoney Payment Start ------------------
  date=July 31, 2007, 7:37 pm
  LMI_HASH=B92537B8CF0B73F182F2D2C2EB42AC9E
LMI_PAYMENT_AMOUNT=100
LMI_PAYMENT_NO=113
test=Подача запроса
LMI_PAYER_PURSE=R397656178472
LMI_MODE=1
LMI_PAYER_WM=809399319852
LMI_SYS_INVS_NO=281
LMI_SYS_TRANS_NO=558
LMI_SYS_TRANS_DATE=20020314 14:01:14

  MY_LMI_HASH=B92537B8CF0B73F182F2D2C2EB42AC9E
  REQUEST_URI=/payment/webmoney/result.php
  IP=127.0.0.1
  WebMoney Payment End --------------------
  
  Z-Payment Payment Start ------------------
  date=November 6, 2007, 5:09 pm
  
  MY_LMI_HASH=3F3D978BBE1ADC7B974BB7120138B0BF
  REQUEST_URI=/payment/z-payment/cf~result.php
  IP=127.0.0.1
  Z-Payment Payment End --------------------
  
  RBS Payment Start ------------------
  date=December 11, 2007, 5:47 pm
  
  MY_LMI_HASH=0CA037FFC9AF18CC6CA26C523DE327E6
  REQUEST_URI=/payment/rbs/cf~result.php
  IP=127.0.0.1
  RBS Payment End --------------------
  
  RBS Payment Start ------------------
  date=December 11, 2007, 6:02 pm
  
  MY_LMI_HASH=96F0DBC7F553004C551D105A6852EFD8
  REQUEST_URI=/payment/rbs/result.php?LMI_PAYMENT_NO=138LMI_PAYMENT_AMOUNT=6373&HASH=76633137A&MDORDER=-84-12231110-46-3181-576049122-74-85-847158_p1&ANSWER=%3C%3Fxml+version%3D%221.0%22+encoding%3D%22UTF-8%22%3F%3E%0A%3CPSApiResult+primaryRC%3D%220%22+secondaryRC%3D%220%22%2F%3E
  IP=127.0.0.1
  RBS Payment End --------------------
  
  RBS Payment Start ------------------
  date=December 11, 2007, 6:08 pm
  
  MY_LMI_HASH=96F0DBC7F553004C551D105A6852EFD8
  REQUEST_URI=/payment/rbs/result.php?LMI_PAYMENT_NO=138LMI_PAYMENT_AMOUNT=6373&HASH=76633137A&MDORDER=-84-12231110-46-3181-576049122-74-85-847158_p1&ANSWER=%3C%3Fxml+version%3D%221.0%22+encoding%3D%22UTF-8%22%3F%3E%0A%3CPSApiResult+primaryRC%3D%220%22+secondaryRC%3D%220%22%2F%3E
  IP=127.0.0.1
  RBS Payment End --------------------
  
  RBS Payment Start ------------------
  date=December 11, 2007, 6:10 pm
  
  MY_LMI_HASH=041937CC1EFFCA4F003183D922333E24
  REQUEST_URI=/payment/rbs/result.php?LMI_PAYMENT_NO=140LMI_PAYMENT_AMOUNT=6373&HASH=A35326157&MDORDER=121123114-69-60-13-2257-35-917112029100-46-77_p1&ANSWER=%3C%3Fxml+version%3D%221.0%22+encoding%3D%22UTF-8%22%3F%3E%0A%3CPSApiResult+primaryRC%3D%220%22+secondaryRC%3D%220%22%2F%3E
  IP=127.0.0.1
  RBS Payment End --------------------
  
  RBS Payment Start ------------------
  date=December 11, 2007, 6:12 pm
  
  MY_LMI_HASH=635AEEF56B751C8243321347EDB4FF32
  REQUEST_URI=/payment/rbs/result.php?LMI_PAYMENT_NO=141LMI_PAYMENT_AMOUNT=6373&HASH=A62E44892&MDORDER=-49-107-109-15-951116-9576-114-41-125-85128265_p1&ANSWER=%3C%3Fxml+version%3D%221.0%22+encoding%3D%22UTF-8%22%3F%3E%0A%3CPSApiResult+primaryRC%3D%220%22+secondaryRC%3D%220%22%2F%3E
  IP=127.0.0.1
  RBS Payment End --------------------
  
  RBS Payment Start ------------------
  date=December 11, 2007, 6:17 pm
  
  MY_LMI_HASH=BBFE655D8D016F0A3DC17C2A3F4C9FD6
  REQUEST_URI=/payment/rbs/result.php?LMI_PAYMENT_NO=142LMI_PAYMENT_AMOUNT=6373&LMI_HASH=8ECD7&MDORDER=27117-29-10170-66-6566-125-73111-7957743779_p1&ANSWER=%3C%3Fxml+version%3D%221.0%22+encoding%3D%22UTF-8%22%3F%3E%0A%3CPSApiResult+primaryRC%3D%220%22+secondaryRC%3D%220%22%2F%3E
  IP=127.0.0.1
  RBS Payment End --------------------
  
  RBS Payment Start ------------------
  date=December 12, 2007, 11:53 am
  
  MY_LMI_HASH=889B11848B2A613D24EA04A7B104EB18
  REQUEST_URI=/payment/rbs/result.php?inv_id=143inv_hash=7D19C1AA3F4B51DE2C35A916BF0F3E7C&inv_&MDORDER=-1529123116-74-46-1208492-9611970-112-98101117_p1&ANSWER=%3C%3Fxml+version%3D%221.0%22+encoding%3D%22UTF-8%22%3F%3E%0A%3CPSApiResult+primaryRC%3D%220%22+secondaryRC%3D%220%22%2F%3E
  IP=127.0.0.1
  RBS Payment End --------------------
  
  RBS Payment Start ------------------
  date=December 12, 2007, 11:54 am
  
  MY_LMI_HASH=889B11848B2A613D24EA04A7B104EB18
  REQUEST_URI=/payment/rbs/result.php?inv_id=143inv_hash=7D19C1AA3F4B51DE2C35A916BF0F3E7C&inv_&MDORDER=-1529123116-74-46-1208492-9611970-112-98101117_p1&ANSWER=%3C%3Fxml+version%3D%221.0%22+encoding%3D%22UTF-8%22%3F%3E%0A%3CPSApiResult+primaryRC%3D%220%22+secondaryRC%3D%220%22%2F%3E
  IP=127.0.0.1
  RBS Payment End --------------------
  
  RBS Payment Start ------------------
  date=December 12, 2007, 12:06 pm
  
  MY_LMI_HASH=265BE438AFB0461168C52D92A75E99C1
  REQUEST_URI=/payment/rbs/result.php?inv_id=144inv_hash=FAD4A263287F28939026525AE274FC56&inv_&MDORDER=-28114-10086-55-95123-711030-33-53-61-38-40111_p1&ANSWER=%3C%3Fxml+version%3D%221.0%22+encoding%3D%22UTF-8%22%3F%3E%0A%3CPSApiResult+primaryRC%3D%220%22+secondaryRC%3D%220%22%2F%3E
  IP=127.0.0.1
  RBS Payment End --------------------
  
  RBS Payment Start ------------------
  date=December 12, 2007, 12:14 pm
  
  MY_LMI_HASH=A4F2D67893BA88C7FA95F7BD4B8692FC
  REQUEST_URI=/payment/rbs/result.php?inv_id=145inv_hash=198B9DB8E281651D54C521DDBDFFC9F9&inv_&MDORDER=-60-101-59-11285743215531-1231910619110_p1&ANSWER=%3C%3Fxml+version%3D%221.0%22+encoding%3D%22UTF-8%22%3F%3E%0A%3CPSApiResult+primaryRC%3D%220%22+secondaryRC%3D%220%22%2F%3E
  IP=127.0.0.1
  RBS Payment End --------------------
  
  RBS Payment Start ------------------
  date=December 12, 2007, 12:17 pm
  
  MY_LMI_HASH=F861776EAA25A130D22E32C36BB7F196
  REQUEST_URI=/payment/rbs/result.php?inv_id=146inv_hash=127C0326FA1CBD9D9AFE67BF2DF1B8F0&inv_&MDORDER=-74-2286103-41-3-3157-967861-5111683-33_p1&ANSWER=%3C%3Fxml+version%3D%221.0%22+encoding%3D%22UTF-8%22%3F%3E%0A%3CPSApiResult+primaryRC%3D%220%22+secondaryRC%3D%220%22%2F%3E
  IP=127.0.0.1
  RBS Payment End --------------------
  
  RBS Payment Start ------------------
  date=December 12, 2007, 12:28 pm
  
  MY_LMI_HASH=0CA037FFC9AF18CC6CA26C523DE327E6
  REQUEST_URI=/payment/rbs/result.php?aW52X2lkPTE0NyZpbnZfaGFzaD1DRkI4OTg4N0E4RkI4MEJFQTNEQUFC&MDORDER=-2638-6469-99-9050414242474881-33-55-87_p1&ANSWER=%3C%3Fxml+version%3D%221.0%22+encoding%3D%22UTF-8%22%3F%3E%0A%3CPSApiResult+primaryRC%3D%220%22+secondaryRC%3D%220%22%2F%3E
  IP=127.0.0.1
  RBS Payment End --------------------
  
  RBS Payment Start ------------------
  date=December 12, 2007, 12:29 pm
  
  MY_LMI_HASH=0CA037FFC9AF18CC6CA26C523DE327E6
  REQUEST_URI=/payment/rbs/result.php?aW52X2lkPTE0NyZpbnZfaGFzaD1DRkI4OTg4N0E4RkI4MEJFQTNEQUFC&MDORDER=-2638-6469-99-9050414242474881-33-55-87_p1&ANSWER=%3C%3Fxml+version%3D%221.0%22+encoding%3D%22UTF-8%22%3F%3E%0A%3CPSApiResult+primaryRC%3D%220%22+secondaryRC%3D%220%22%2F%3E
  IP=127.0.0.1
  RBS Payment End --------------------
  
  RBS Payment Start ------------------
  date=December 12, 2007, 12:29 pm
  
  MY_LMI_HASH=0CA037FFC9AF18CC6CA26C523DE327E6
  REQUEST_URI=/payment/rbs/result.php?aW52X2lkPTE0NyZpbnZfaGFzaD1DRkI4OTg4N0E4RkI4MEJFQTNEQUFC&MDORDER=-2638-6469-99-9050414242474881-33-55-87_p1&ANSWER=%3C%3Fxml+version%3D%221.0%22+encoding%3D%22UTF-8%22%3F%3E%0A%3CPSApiResult+primaryRC%3D%220%22+secondaryRC%3D%220%22%2F%3E
  IP=127.0.0.1
  RBS Payment End --------------------
  
  RBS Payment Start ------------------
  date=December 12, 2007, 12:30 pm
  
  MY_LMI_HASH=0CA037FFC9AF18CC6CA26C523DE327E6
  REQUEST_URI=/payment/rbs/result.php?aW52X2lkPTE0NyZpbnZfaGFzaD1DRkI4OTg4N0E4RkI4MEJFQTNEQUFC&MDORDER=-2638-6469-99-9050414242474881-33-55-87_p1&ANSWER=%3C%3Fxml+version%3D%221.0%22+encoding%3D%22UTF-8%22%3F%3E%0A%3CPSApiResult+primaryRC%3D%220%22+secondaryRC%3D%220%22%2F%3E
  IP=127.0.0.1
  RBS Payment End --------------------
  
  RBS Payment Start ------------------
  date=December 12, 2007, 12:30 pm
  
  MY_LMI_HASH=0CA037FFC9AF18CC6CA26C523DE327E6
  REQUEST_URI=/payment/rbs/result.php?aW52X2lkPTE0NyZpbnZfaGFzaD1DRkI4OTg4N0E4RkI4MEJFQTNEQUFC&MDORDER=-2638-6469-99-9050414242474881-33-55-87_p1&ANSWER=%3C%3Fxml+version%3D%221.0%22+encoding%3D%22UTF-8%22%3F%3E%0A%3CPSApiResult+primaryRC%3D%220%22+secondaryRC%3D%220%22%2F%3E
  IP=127.0.0.1
  RBS Payment End --------------------
  
  RBS Payment Start ------------------
  date=December 12, 2007, 12:30 pm
  
  MY_LMI_HASH=0CA037FFC9AF18CC6CA26C523DE327E6
  REQUEST_URI=/payment/rbs/result.php?aW52X2lkPTE0NyZpbnZfaGFzaD1DRkI4OTg4N0E4RkI4MEJFQTNEQUFC&MDORDER=-2638-6469-99-9050414242474881-33-55-87_p1&ANSWER=%3C%3Fxml+version%3D%221.0%22+encoding%3D%22UTF-8%22%3F%3E%0A%3CPSApiResult+primaryRC%3D%220%22+secondaryRC%3D%220%22%2F%3E
  IP=127.0.0.1
  RBS Payment End --------------------
  
  RBS Payment Start ------------------
  date=December 12, 2007, 12:31 pm
  
  MY_LMI_HASH=0CA037FFC9AF18CC6CA26C523DE327E6
  REQUEST_URI=/payment/rbs/result.php?aW52X2lkPTE0NyZpbnZfaGFzaD1DRkI4OTg4N0E4RkI4MEJFQTNEQUFC&MDORDER=-2638-6469-99-9050414242474881-33-55-87_p1&ANSWER=%3C%3Fxml+version%3D%221.0%22+encoding%3D%22UTF-8%22%3F%3E%0A%3CPSApiResult+primaryRC%3D%220%22+secondaryRC%3D%220%22%2F%3E
  IP=127.0.0.1
  RBS Payment End --------------------
  
  RBS Payment Start ------------------
  date=December 12, 2007, 12:33 pm
  
  MY_LMI_HASH=93AF19A18E03FDEFBECD7E3AE5ECBB7A
  REQUEST_URI=/payment/rbs/result.php?my=aW52X2lkPTE0OCZpbnZfaGFzaD05M0FGMTlBMThFMDNGREVGQkVDR&MDORDER=-225711111379122-1-984778617-75-403573_p1&ANSWER=%3C%3Fxml+version%3D%221.0%22+encoding%3D%22UTF-8%22%3F%3E%0A%3CPSApiResult+primaryRC%3D%220%22+secondaryRC%3D%220%22%2F%3E
  IP=127.0.0.1
  RBS Payment End --------------------
  
  RBS Payment Start ------------------
  date=December 12, 2007, 12:34 pm
  
  MY_LMI_HASH=93AF19A18E03FDEFBECD7E3AE5ECBB7A
  REQUEST_URI=/payment/rbs/result.php?my=aW52X2lkPTE0OCZpbnZfaGFzaD05M0FGMTlBMThFMDNGREVGQkVDR&MDORDER=-225711111379122-1-984778617-75-403573_p1&ANSWER=%3C%3Fxml+version%3D%221.0%22+encoding%3D%22UTF-8%22%3F%3E%0A%3CPSApiResult+primaryRC%3D%220%22+secondaryRC%3D%220%22%2F%3E
  IP=127.0.0.1
  RBS Payment End --------------------
  
  RBS Payment Start ------------------
  date=December 12, 2007, 12:35 pm
  
  MY_LMI_HASH=93AF19A18E03FDEFBECD7E3AE5ECBB7A
  REQUEST_URI=/payment/rbs/result.php?my=aW52X2lkPTE0OCZpbnZfaGFzaD05M0FGMTlBMThFMDNGREVGQkVDR&MDORDER=-225711111379122-1-984778617-75-403573_p1&ANSWER=%3C%3Fxml+version%3D%221.0%22+encoding%3D%22UTF-8%22%3F%3E%0A%3CPSApiResult+primaryRC%3D%220%22+secondaryRC%3D%220%22%2F%3E
  IP=127.0.0.1
  RBS Payment End --------------------
  
  RBS Payment Start ------------------
  date=December 12, 2007, 12:37 pm
  
  MY_LMI_HASH=8268BB61BDD543AA7E61F766E2C43F14
  REQUEST_URI=/payment/rbs/result.php?my=aW52X2lkPTE0OSZpbnZfaGFzaD04MjY4QkI2MUJERDU0M0FBN0U2M&MDORDER=-977-104125653-44-65521102341-911077971_p1&ANSWER=%3C%3Fxml+version%3D%221.0%22+encoding%3D%22UTF-8%22%3F%3E%0A%3CPSApiResult+primaryRC%3D%220%22+secondaryRC%3D%220%22%2F%3E
  IP=127.0.0.1
  RBS Payment End --------------------
  
  RBS Payment Start ------------------
  date=December 12, 2007, 12:40 pm
  
  MY_LMI_HASH=52A770B9D6C82B377EA5397103725EF5
  REQUEST_URI=/payment/rbs/result.php?my=aW52X2lkPTE1MCZpbnZfaGFzaD01MkE3NzBCOUQ2QzgyQjM3N0VBN&MDORDER=48-9312772104-1677-79255212-61-10186-11_p1&ANSWER=%3C%3Fxml+version%3D%221.0%22+encoding%3D%22UTF-8%22%3F%3E%0A%3CPSApiResult+primaryRC%3D%228%22+secondaryRC%3D%22204%22%2F%3E
  IP=127.0.0.1
  RBS Payment End --------------------
  
  RBS Payment Start ------------------
  date=December 12, 2007, 12:54 pm
  
  MY_LMI_HASH=
  REQUEST_URI=/payment/rbs/result.php?my=aW52X2lkPTE1MSZpbnZfaGFzaD0xMDI1Q0MzRTQ4&MDORDER=124-328827120-315564-106119-55-59-73-266_p1&ANSWER=%3C%3Fxml+version%3D%221.0%22+encoding%3D%22UTF-8%22%3F%3E%0A%3CPSApiResult+primaryRC%3D%228%22+secondaryRC%3D%22204%22%2F%3E
  IP=127.0.0.1
  RBS Payment End --------------------
  
  RBS Payment Start ------------------
  date=December 12, 2007, 12:54 pm
  
  MY_LMI_HASH=
  REQUEST_URI=/payment/rbs/result.php?my=aW52X2lkPTE1MSZpbnZfaGFzaD0xMDI1Q0MzRTQ4&MDORDER=124-328827120-315564-106119-55-59-73-266_p1&ANSWER=%3C%3Fxml+version%3D%221.0%22+encoding%3D%22UTF-8%22%3F%3E%0A%3CPSApiResult+primaryRC%3D%228%22+secondaryRC%3D%22204%22%2F%3E
  IP=127.0.0.1
  RBS Payment End --------------------
  
  RBS Payment Start ------------------
  date=December 12, 2007, 12:55 pm
  
  MY_LMI_HASH=
  REQUEST_URI=/payment/rbs/result.php?my=aW52X2lkPTE1MSZpbnZfaGFzaD0xMDI1Q0MzRTQ4&MDORDER=124-328827120-315564-106119-55-59-73-266_p1&ANSWER=%3C%3Fxml+version%3D%221.0%22+encoding%3D%22UTF-8%22%3F%3E%0A%3CPSApiResult+primaryRC%3D%228%22+secondaryRC%3D%22204%22%2F%3E
  IP=127.0.0.1
  RBS Payment End --------------------
  
  RBS Payment Start ------------------
  date=December 12, 2007, 12:55 pm
  
  MY_LMI_HASH=
  REQUEST_URI=/payment/rbs/result.php?my=aW52X2lkPTE1MSZpbnZfaGFzaD0xMDI1Q0MzRTQ4&MDORDER=124-328827120-315564-106119-55-59-73-266_p1&ANSWER=%3C%3Fxml+version%3D%221.0%22+encoding%3D%22UTF-8%22%3F%3E%0A%3CPSApiResult+primaryRC%3D%228%22+secondaryRC%3D%22204%22%2F%3E
  IP=127.0.0.1
  RBS Payment End --------------------
  
  RBS Payment Start ------------------
  date=December 12, 2007, 12:56 pm
  
  MY_LMI_HASH=
  REQUEST_URI=/payment/rbs/result.php?my=aW52X2lkPTE1MSZpbnZfaGFzaD0xMDI1Q0MzRTQ4&MDORDER=124-328827120-315564-106119-55-59-73-266_p1&ANSWER=%3C%3Fxml+version%3D%221.0%22+encoding%3D%22UTF-8%22%3F%3E%0A%3CPSApiResult+primaryRC%3D%228%22+secondaryRC%3D%22204%22%2F%3E
  IP=127.0.0.1
  RBS Payment End --------------------
  
  RBS Payment Start ------------------
  date=December 12, 2007, 12:56 pm
  
  MY_LMI_HASH=
  REQUEST_URI=/payment/rbs/result.php?my=aW52X2lkPTE1MSZpbnZfaGFzaD0xMDI1Q0MzRTQ4&MDORDER=124-328827120-315564-106119-55-59-73-266_p1&ANSWER=%3C%3Fxml+version%3D%221.0%22+encoding%3D%22UTF-8%22%3F%3E%0A%3CPSApiResult+primaryRC%3D%228%22+secondaryRC%3D%22204%22%2F%3E
  IP=127.0.0.1
  RBS Payment End --------------------
  
  RBS Payment Start ------------------
  date=December 12, 2007, 12:56 pm
  
  MY_LMI_HASH=
  REQUEST_URI=/payment/rbs/result.php?my=aW52X2lkPTE1MSZpbnZfaGFzaD0xMDI1Q0MzRTQ4&MDORDER=124-328827120-315564-106119-55-59-73-266_p1&ANSWER=%3C%3Fxml+version%3D%221.0%22+encoding%3D%22UTF-8%22%3F%3E%0A%3CPSApiResult+primaryRC%3D%228%22+secondaryRC%3D%22204%22%2F%3E
  IP=127.0.0.1
  RBS Payment End --------------------
  
  RBS Payment Start ------------------
  date=December 12, 2007, 12:57 pm
  
  MY_LMI_HASH=
  REQUEST_URI=/payment/rbs/result.php?my=aW52X2lkPTE1MSZpbnZfaGFzaD0xMDI1Q0MzRTQ4&MDORDER=124-328827120-315564-106119-55-59-73-266_p1&ANSWER=%3C%3Fxml+version%3D%221.0%22+encoding%3D%22UTF-8%22%3F%3E%0A%3CPSApiResult+primaryRC%3D%228%22+secondaryRC%3D%22204%22%2F%3E
  IP=127.0.0.1
  RBS Payment End --------------------
  
  RBS Payment Start ------------------
  date=December 12, 2007, 12:57 pm
  
  MY_LMI_HASH=
  REQUEST_URI=/payment/rbs/result.php?my=aW52X2lkPTE1MSZpbnZfaGFzaD0xMDI1Q0MzRTQ4&MDORDER=124-328827120-315564-106119-55-59-73-266_p1&ANSWER=%3C%3Fxml+version%3D%221.0%22+encoding%3D%22UTF-8%22%3F%3E%0A%3CPSApiResult+primaryRC%3D%228%22+secondaryRC%3D%22204%22%2F%3E
  IP=127.0.0.1
  RBS Payment End --------------------
  
  RBS Payment Start ------------------
  date=December 12, 2007, 1:01 pm
  
  MY_LMI_HASH=
  REQUEST_URI=/payment/rbs/result.php?my=aW52X2lkPTE1MiZpbnZfaGFzaD1EMjg3MEZEODlBJmludl9zdW1tP&MDORDER=-12-39115-89114-33122943-66-616341-105-10948_p1&ANSWER=%3C%3Fxml+version%3D%221.0%22+encoding%3D%22UTF-8%22%3F%3E%0A%3CPSApiResult+primaryRC%3D%228%22+secondaryRC%3D%22204%22%2F%3E
  IP=127.0.0.1
  RBS Payment End --------------------
  
  RBS Payment Start ------------------
  date=December 12, 2007, 1:02 pm
  
  MY_LMI_HASH=
  REQUEST_URI=/payment/rbs/result.php?my=aW52X2lkPTE1MiZpbnZfaGFzaD1EMjg3MEZEODlBJmludl9zdW1tP&MDORDER=-12-39115-89114-33122943-66-616341-105-10948_p1&ANSWER=%3C%3Fxml+version%3D%221.0%22+encoding%3D%22UTF-8%22%3F%3E%0A%3CPSApiResult+primaryRC%3D%228%22+secondaryRC%3D%22204%22%2F%3E
  IP=127.0.0.1
  RBS Payment End --------------------
  
  RBS Payment Start ------------------
  date=December 12, 2007, 1:03 pm
  
  MY_LMI_HASH=
  REQUEST_URI=/payment/rbs/result.php?my=aW52X2lkPTE1MiZpbnZfaGFzaD1EMjg3MEZEODlBJmludl9zdW1tP&MDORDER=-12-39115-89114-33122943-66-616341-105-10948_p1&ANSWER=%3C%3Fxml+version%3D%221.0%22+encoding%3D%22UTF-8%22%3F%3E%0A%3CPSApiResult+primaryRC%3D%228%22+secondaryRC%3D%22204%22%2F%3E
  IP=127.0.0.1
  RBS Payment End --------------------
  
  RBS Payment Start ------------------
  date=December 12, 2007, 1:05 pm
  
  MY_LMI_HASH=0CA037FFC9
  REQUEST_URI=/payment/rbs/result.php?my=aWQ9MTUzJmg9REJERkI1NkQyQiZzPTE0MzUz&MDORDER=-50-121-11-1173127665-76106233-4-50-27115_p1&ANSWER=%3C%3Fxml+version%3D%221.0%22+encoding%3D%22UTF-8%22%3F%3E%0A%3CPSApiResult+primaryRC%3D%220%22+secondaryRC%3D%220%22%2F%3E
  IP=127.0.0.1
  RBS Payment End --------------------
  
  RBS Payment Start ------------------
  date=December 12, 2007, 1:07 pm
  
  MY_LMI_HASH=
  REQUEST_URI=/payment/rbs/result.php?my=aWQ9MTUzJmg9REJERkI1NkQyQiZzPTE0MzUz&MDORDER=-50-121-11-1173127665-76106233-4-50-27115_p1&ANSWER=%3C%3Fxml+version%3D%221.0%22+encoding%3D%22UTF-8%22%3F%3E%0A%3CPSApiResult+primaryRC%3D%220%22+secondaryRC%3D%220%22%2F%3E
  IP=127.0.0.1
  RBS Payment End --------------------
  
  RBS Payment Start ------------------
  date=December 12, 2007, 1:07 pm
  
  MY_LMI_HASH=
  REQUEST_URI=/payment/rbs/result.php?my=aWQ9MTUzJmg9REJERkI1NkQyQiZzPTE0MzUz&MDORDER=-50-121-11-1173127665-76106233-4-50-27115_p1&ANSWER=%3C%3Fxml+version%3D%221.0%22+encoding%3D%22UTF-8%22%3F%3E%0A%3CPSApiResult+primaryRC%3D%220%22+secondaryRC%3D%220%22%2F%3E
  IP=127.0.0.1
  RBS Payment End --------------------
  
  RBS Payment Start ------------------
  date=December 12, 2007, 1:10 pm
  
  MY_LMI_HASH=
  REQUEST_URI=/payment/rbs/result.php?my=aWQ9MTUzJmg9REJERkI1NkQyQiZzPTE0MzUz&MDORDER=-50-121-11-1173127665-76106233-4-50-27115_p1&ANSWER=%3C%3Fxml+version%3D%221.0%22+encoding%3D%22UTF-8%22%3F%3E%0A%3CPSApiResult+primaryRC%3D%220%22+secondaryRC%3D%220%22%2F%3E
  IP=127.0.0.1
  RBS Payment End --------------------
  
  RBS Payment Start ------------------
  date=December 12, 2007, 1:19 pm
  
  MY_LMI_HASH=0CA037FFC9
  REQUEST_URI=/payment/rbs/cf~result.php
  IP=127.0.0.1
  RBS Payment End --------------------
  
  RBS Payment Start ------------------
  date=December 12, 2007, 1:20 pm
  
  MY_LMI_HASH=
  REQUEST_URI=/payment/rbs/result.php?my=aWQ9MTU0Jmg9OEQxNTUzRTE2MSZzPTE0MzUz&MDORDER=-107-4638-5632-7692364117940-98-97125-125_p1&ANSWER=%3C%3Fxml+version%3D%221.0%22+encoding%3D%22UTF-8%22%3F%3E%0A%3CPSApiResult+primaryRC%3D%220%22+secondaryRC%3D%220%22%2F%3E
  IP=127.0.0.1
  RBS Payment End --------------------
  
  RBS Payment Start ------------------
  date=December 12, 2007, 1:28 pm
  
  MY_LMI_HASH=
  REQUEST_URI=/payment/rbs/result.php?my=aWQ9MTU1Jmg9NTJCNDI4M0JFNiZzPTE0MzUz&MDORDER=-2068-95-26118104391448-5757-10-101611293_p1&ANSWER=%3C%3Fxml+version%3D%221.0%22+encoding%3D%22UTF-8%22%3F%3E%0A%3CPSApiResult+primaryRC%3D%220%22+secondaryRC%3D%220%22%2F%3E
  IP=127.0.0.1
  RBS Payment End --------------------
  
  RBS Payment Start ------------------
  date=December 12, 2007, 2:21 pm
  
  MY_LMI_HASH=
  REQUEST_URI=/payment/rbs/result.php?my=aWQ9MTU2Jmg9QTEyOEYwNTY3OSZzPTE0MzUz&MDORDER=-265713121-105820271196670-66-185176-124_p1&ANSWER=%3C%3Fxml+version%3D%221.0%22+encoding%3D%22UTF-8%22%3F%3E%0A%3CPSApiResult+primaryRC%3D%220%22+secondaryRC%3D%220%22%2F%3E
  IP=127.0.0.1
  RBS Payment End --------------------
  
  RBS Payment Start ------------------
  date=December 12, 2007, 2:34 pm
  
  MY_LMI_HASH=
  REQUEST_URI=/payment/rbs/result.php?my=aWQ9MTU3Jmg9QzU4OThGNzlFNiZzPTE0MzUz&MDORDER=7038-7385996108-7911015-792141104103-71_p1&ANSWER=%3C%3Fxml+version%3D%221.0%22+encoding%3D%22UTF-8%22%3F%3E%0A%3CPSApiResult+primaryRC%3D%228%22+secondaryRC%3D%22204%22%2F%3E
  IP=127.0.0.1
  RBS Payment End --------------------
  
  RBS Payment Start ------------------
  date=December 12, 2007, 2:35 pm
  
  MY_LMI_HASH=
  REQUEST_URI=/payment/rbs/result.php?my=aWQ9MTU3Jmg9QzU4OThGNzlFNiZzPTE0MzUz&MDORDER=7038-7385996108-7911015-792141104103-71_p1&ANSWER=%3C%3Fxml+version%3D%221.0%22+encoding%3D%22UTF-8%22%3F%3E%0A%3CPSApiResult+primaryRC%3D%228%22+secondaryRC%3D%22204%22%2F%3E
  IP=127.0.0.1
  RBS Payment End --------------------
  
  RBS Payment Start ------------------
  date=December 12, 2007, 2:36 pm
  
  MY_LMI_HASH=
  REQUEST_URI=/payment/rbs/result.php?my=aWQ9MTU4Jmg9ODg3QjZDRUZDNSZzPTE0MzUz&MDORDER=-1087-2125-69-18108-38-106172521-444285111_p1&ANSWER=%3C%3Fxml+version%3D%221.0%22+encoding%3D%22UTF-8%22%3F%3E%0A%3CPSApiResult+primaryRC%3D%220%22+secondaryRC%3D%220%22%2F%3E
  IP=127.0.0.1
  RBS Payment End --------------------
  
  RBS Payment Start ------------------
  date=December 12, 2007, 2:45 pm
  
  MY_LMI_HASH=
  REQUEST_URI=/payment/rbs/result.php?my=aWQ9MTU5Jmg9NTI4NzJGQzE1NCZzPTYzNzM=&MDORDER=-15-9184123121-65-31-3-120114-1113522-745219_p1&ANSWER=%3C%3Fxml+version%3D%221.0%22+encoding%3D%22UTF-8%22%3F%3E%0A%3CPSApiResult+primaryRC%3D%220%22+secondaryRC%3D%220%22%2F%3E
  IP=127.0.0.1
  RBS Payment End --------------------
  