Invalid slash (/) encountered while parsing (tag "?" with attributes function= GROUP()=). 
Invalid character (}) encountered while parsing (tag "?" with attributes). 
Invalid character (}) encountered while parsing (tag "?" with attributes). 
Invalid character (}) encountered while parsing (tag "?" with attributes). 
Invalid character (}) encountered while parsing (tag "?" with attributes). 
Invalid character (}) encountered while parsing (tag "?" with attributes). 
Invalid character (}) encountered while parsing (tag "?" with attributes). 
Invalid character ($) encountered while parsing (tag "?" with attributes). 
Invalid character ($) encountered while parsing (tag "?" with attributes). 
Invalid slash (/) encountered while parsing (tag "?" with attributes). 
Invalid slash (/) encountered while parsing (tag "?" with attributes). 
Invalid slash (/) encountered while parsing (tag "?" with attributes). 
Invalid character ($) encountered while parsing (tag "?" with attributes). 
Invalid character ($) encountered while parsing (tag "?" with attributes). 
Invalid character ($) encountered while parsing (tag "?" with attributes). 
Invalid character ($) encountered while parsing (tag "?" with attributes). 
Invalid character ($) encountered while parsing (tag "?" with attributes). 
Invalid character (\) encountered while parsing (tag "IMG" with attributes src=img/i_spam_filter_med_small.gif). 
Invalid character (\) encountered while parsing (tag "IMG" with attributes src=img/icon-activate.gif). 
Invalid character (\) encountered while parsing (tag "IMG" with attributes src=img/icon-deactivate.gif). 
Invalid quoted string 'connect.php' encountered while parsing (tag "?" with attributes). 
Invalid quoted string 'connect.php' encountered while parsing (tag "?" with attributes). 
Invalid quoted string 'connect.php' encountered while parsing (tag "?" with attributes). 
Invalid quoted string 'connect.php' encountered while parsing (tag "?" with attributes). 
Invalid quoted string 'connect.php' encountered while parsing (tag "?" with attributes). 
Invalid quoted string 'connect.php' encountered while parsing (tag "?" with attributes). 
Invalid quoted string 'connect.php' encountered while parsing (tag "?" with attributes). 
Invalid quoted string 'connect.php' encountered while parsing (tag "?" with attributes). 
